<?xml version="1.0" encoding="UTF-8"?>
<!-- Generated by org.testng.reporters.JUnitXMLReporter -->
<testsuite hostname="W2027393" name="Cogmento" tests="8" failures="0" timestamp="7 Apr 2021 11:00:18 GMT" time="155.089" errors="0">
  <testcase name="loginPageTitleTest" time="0.014" classname="com.crm.qa.testcases.LoginPageTest"/>
  <testcase name="loginToCRM" time="1.736" classname="com.crm.qa.testcases.LoginPageTest"/>
  <testcase name="verifyPageTitleTest" time="0.835" classname="com.crm.qa.testcases.HomePageTest"/>
  <testcase name="verifyContactLinksTest" time="1.026" classname="com.crm.qa.testcases.HomePageTest"/>
  <testcase name="verifyContactLinksTest" time="6.701" classname="com.crm.qa.testcases.ContactsPageTest"/>
  <testcase name="validateCreateContactName" time="15.196" classname="com.crm.qa.testcases.ContactsPageTest"/>
  <testcase name="validateCreateContactName" time="16.081" classname="com.crm.qa.testcases.ContactsPageTest"/>
  <testcase name="validateCreateContactName" time="17.676" classname="com.crm.qa.testcases.ContactsPageTest"/>
</testsuite> <!-- Cogmento -->
