<?xml version="1.0" encoding="UTF-8"?>
<!-- Generated by org.testng.reporters.JUnitXMLReporter -->
<testsuite hostname="W1651507" name="Default test" tests="4" failures="0" timestamp="11 Mar 2021 11:22:02 GMT" time="273.781" errors="0">
  <testcase name="verifyContactLinksTest" time="8.152" classname="com.crm.qa.testcases.ContactsPageTest"/>
  <testcase name="validateCreateContactName" time="16.357" classname="com.crm.qa.testcases.ContactsPageTest"/>
  <testcase name="validateCreateContactName" time="15.808" classname="com.crm.qa.testcases.ContactsPageTest"/>
  <testcase name="validateCreateContactName" time="16.992" classname="com.crm.qa.testcases.ContactsPageTest"/>
</testsuite> <!-- Default test -->
