<?xml version="1.0" encoding="UTF-8"?>
<testng-results ignored="0" total="2" passed="2" failed="0" skipped="0">
  <reporter-output>
  </reporter-output>
  <suite started-at="2021-08-31T18:53:36 IST" name="Default suite" finished-at="2021-08-31T18:53:49 IST" duration-ms="13390">
    <groups>
    </groups>
    <test started-at="2021-08-31T18:53:36 IST" name="Default test" finished-at="2021-08-31T18:53:49 IST" duration-ms="13390">
      <class name="com.crm.qa.testcases.LoginPageTest">
        <test-method is-config="true" signature="setup()[pri:0, instance:com.crm.qa.testcases.LoginPageTest@1189dd52]" started-at="2021-08-31T18:53:36 IST" name="setup" finished-at="2021-08-31T18:53:38 IST" duration-ms="2357" status="PASS">
          <reporter-output>
          </reporter-output>
        </test-method> <!-- setup -->
        <test-method signature="loginPageTitleTest()[pri:1, instance:com.crm.qa.testcases.LoginPageTest@1189dd52]" started-at="2021-08-31T18:53:38 IST" name="loginPageTitleTest" finished-at="2021-08-31T18:53:38 IST" duration-ms="15" status="PASS">
          <reporter-output>
          </reporter-output>
        </test-method> <!-- loginPageTitleTest -->
        <test-method is-config="true" signature="teardown()[pri:0, instance:com.crm.qa.testcases.LoginPageTest@1189dd52]" started-at="2021-08-31T18:53:38 IST" name="teardown" finished-at="2021-08-31T18:53:38 IST" duration-ms="117" status="PASS">
          <reporter-output>
          </reporter-output>
        </test-method> <!-- teardown -->
        <test-method is-config="true" signature="setup()[pri:0, instance:com.crm.qa.testcases.LoginPageTest@1189dd52]" started-at="2021-08-31T18:53:38 IST" name="setup" finished-at="2021-08-31T18:53:41 IST" duration-ms="2611" status="PASS">
          <reporter-output>
          </reporter-output>
        </test-method> <!-- setup -->
        <test-method signature="loginToCRM()[pri:2, instance:com.crm.qa.testcases.LoginPageTest@1189dd52]" started-at="2021-08-31T18:53:41 IST" name="loginToCRM" finished-at="2021-08-31T18:53:49 IST" duration-ms="8249" status="PASS">
          <reporter-output>
          </reporter-output>
        </test-method> <!-- loginToCRM -->
        <test-method is-config="true" signature="teardown()[pri:0, instance:com.crm.qa.testcases.LoginPageTest@1189dd52]" started-at="2021-08-31T18:53:49 IST" name="teardown" finished-at="2021-08-31T18:53:49 IST" duration-ms="0" status="PASS">
          <reporter-output>
          </reporter-output>
        </test-method> <!-- teardown -->
      </class> <!-- com.crm.qa.testcases.LoginPageTest -->
    </test> <!-- Default test -->
  </suite> <!-- Default suite -->
</testng-results>
